[20:06:16] Phase 2 continuous structure run starting (sequential only)
[20:06:16] loading market context
[20:06:16] context span 2019-01-02..2025-12-31
[20:06:16] loading bars (slow; ~1.3GB fixture — keep other multi-GB loads off)
[20:07:17] bars loaded: 8869021
[20:07:17] replay Phase 2: strategy=benchmark exit=fixed-horizon slots=20 seed=42 slippage_bps=5
[20:07:52] replay scan 50/1760 (2%) accepted=131
[20:07:53] replay scan 100/1760 (5%) accepted=272
[20:07:55] replay scan 150/1760 (8%) accepted=402
[20:07:57] replay scan 200/1760 (11%) accepted=461
[20:07:58] replay scan 250/1760 (14%) accepted=632
[20:08:00] replay scan 300/1760 (17%) accepted=752
[20:08:02] replay scan 350/1760 (19%) accepted=774
[20:08:04] replay scan 400/1760 (22%) accepted=847
[20:08:06] replay scan 450/1760 (25%) accepted=926
[20:08:07] replay scan 500/1760 (28%) accepted=1073
[20:08:09] replay scan 550/1760 (31%) accepted=1218
[20:08:11] replay scan 600/1760 (34%) accepted=1324
[20:08:13] replay scan 650/1760 (36%) accepted=1418
[20:08:15] replay scan 700/1760 (39%) accepted=1509
[20:08:17] replay scan 750/1760 (42%) accepted=1644
[20:08:19] replay scan 800/1760 (45%) accepted=1730
[20:08:21] replay scan 850/1760 (48%) accepted=1771
[20:08:23] replay scan 900/1760 (51%) accepted=1814
[20:08:25] replay scan 950/1760 (53%) accepted=1871
[20:08:27] replay scan 1000/1760 (56%) accepted=1954
[20:08:29] replay scan 1050/1760 (59%) accepted=2060
[20:08:32] replay scan 1100/1760 (62%) accepted=2182
[20:08:34] replay scan 1150/1760 (65%) accepted=2298
[20:08:36] replay scan 1200/1760 (68%) accepted=2391
[20:08:38] replay scan 1250/1760 (71%) accepted=2579
[20:08:40] replay scan 1300/1760 (73%) accepted=2778
[20:08:42] replay scan 1350/1760 (76%) accepted=2891
[20:08:43] replay scan 1400/1760 (79%) accepted=3006
[20:08:45] replay scan 1450/1760 (82%) accepted=3135
[20:08:48] replay scan 1500/1760 (85%) accepted=3415
[20:08:50] replay scan 1550/1760 (88%) accepted=3586
[20:08:52] replay scan 1600/1760 (90%) accepted=3657
[20:08:56] replay scan 1650/1760 (93%) accepted=3791
[20:08:59] replay scan 1700/1760 (96%) accepted=3943
[20:09:01] replay scan 1750/1760 (99%) accepted=4094
[20:09:02] replay scan 1760/1760 (100%) accepted=4103
[20:09:38] trades=200 skips=3860
[20:09:38] wrote /Users/rcty/invest/fixtures/real-continuous/reports/phase2-structure.json
[20:09:38] go/no-go: NO-GO
